app/app/build/intermediates/manifest_merge_blame_file/release/processReleaseMainManifest/manifest-merger-blame-release-report.txt
1<?xml version="1.0" encoding="utf-8"?>
2<manifest xmlns:android="http://schemas.android.com/apk/res/android"
3    package="com.f3.aliothloud"
4    android:versionCode="1"
5    android:versionName="0.1.0" >
6
7    <uses-sdk
8        android:minSdkVersion="31"
9        android:targetSdkVersion="35" />
10
11    <!--
12      MODIFY_DEFAULT_AUDIO_EFFECTS is the one that matters. AudioFlinger's
13      createEffect() gates AUDIO_SESSION_OUTPUT_MIX (session 0) behind
14      modifyDefaultAudioEffectsAllowed(). It is signature|privileged, so it is
15      only granted when the module has installed this APK into
16      /system/priv-app AND shipped a privapp-permissions entry naming it.
17
18      Every permission listed here must appear in
19      module/payload/permissions/privapp-permissions-aliothloud.xml. Android
20      throws in PermissionManagerService for a priv-app requesting a
21      signature|privileged permission that is not allowlisted, and on some
22      builds that is a boot failure, so the two files must stay in sync.
23    -->
24    <uses-permission android:name="android.permission.MODIFY_DEFAULT_AUDIO_EFFECTS" />
24-->src/main/AndroidManifest.xml:18:5-19:47
24-->src/main/AndroidManifest.xml:18:22-84
25    <uses-permission android:name="android.permission.MODIFY_AUDIO_ROUTING" />
25-->src/main/AndroidManifest.xml:20:5-21:47
25-->src/main/AndroidManifest.xml:20:22-76
26    <uses-permission android:name="android.permission.MODIFY_AUDIO_SETTINGS_PRIVILEGED" />
26-->src/main/AndroidManifest.xml:22:5-23:47
26-->src/main/AndroidManifest.xml:22:22-88
27    <uses-permission android:name="android.permission.MODIFY_AUDIO_SETTINGS" />
27-->src/main/AndroidManifest.xml:25:5-80
27-->src/main/AndroidManifest.xml:25:22-77
28    <uses-permission android:name="android.permission.FOREGROUND_SERVICE" />
28-->src/main/AndroidManifest.xml:26:5-77
28-->src/main/AndroidManifest.xml:26:22-74
29    <uses-permission android:name="android.permission.FOREGROUND_SERVICE_SPECIAL_USE" />
29-->src/main/AndroidManifest.xml:27:5-89
29-->src/main/AndroidManifest.xml:27:22-86
30    <uses-permission android:name="android.permission.RECEIVE_BOOT_COMPLETED" />
30-->src/main/AndroidManifest.xml:28:5-81
30-->src/main/AndroidManifest.xml:28:22-78
31    <uses-permission android:name="android.permission.POST_NOTIFICATIONS" />
31-->src/main/AndroidManifest.xml:29:5-77
31-->src/main/AndroidManifest.xml:29:22-74
32
33    <permission
33-->[androidx.core:core:1.13.1] AndroidManifest.xml:22:5-24:47
34        android:name="com.f3.aliothloud.DYNAMIC_RECEIVER_NOT_EXPORTED_PERMISSION"
34-->[androidx.core:core:1.13.1] AndroidManifest.xml:23:9-81
35        android:protectionLevel="signature" />
35-->[androidx.core:core:1.13.1] AndroidManifest.xml:24:9-44
36
37    <uses-permission android:name="com.f3.aliothloud.DYNAMIC_RECEIVER_NOT_EXPORTED_PERMISSION" />
37-->[androidx.core:core:1.13.1] AndroidManifest.xml:26:5-97
37-->[androidx.core:core:1.13.1] AndroidManifest.xml:26:22-94
38
39    <application
39-->src/main/AndroidManifest.xml:31:5-69:19
40        android:allowBackup="false"
40-->src/main/AndroidManifest.xml:35:9-36
41        android:appComponentFactory="androidx.core.app.CoreComponentFactory"
41-->[androidx.core:core:1.13.1] AndroidManifest.xml:28:18-86
42        android:extractNativeLibs="false"
43        android:icon="@android:drawable/ic_lock_silent_mode_off"
43-->src/main/AndroidManifest.xml:33:9-65
44        android:label="Alioth Loud"
44-->src/main/AndroidManifest.xml:32:9-36
45        android:supportsRtl="true"
45-->src/main/AndroidManifest.xml:34:9-35
46        android:theme="@style/Theme.AliothLoud" >
46-->src/main/AndroidManifest.xml:36:9-48
47        <activity
47-->src/main/AndroidManifest.xml:38:9-46:20
48            android:name="com.f3.aliothloud.MainActivity"
48-->src/main/AndroidManifest.xml:39:13-41
49            android:exported="true"
49-->src/main/AndroidManifest.xml:40:13-36
50            android:label="Alioth Loud" >
50-->src/main/AndroidManifest.xml:41:13-40
51            <intent-filter>
51-->src/main/AndroidManifest.xml:42:13-45:29
52                <action android:name="android.intent.action.MAIN" />
52-->src/main/AndroidManifest.xml:43:17-69
52-->src/main/AndroidManifest.xml:43:25-66
53
54                <category android:name="android.intent.category.LAUNCHER" />
54-->src/main/AndroidManifest.xml:44:17-77
54-->src/main/AndroidManifest.xml:44:27-74
55            </intent-filter>
56        </activity>
57
58        <service
58-->src/main/AndroidManifest.xml:48:9-58:19
59            android:name="com.f3.aliothloud.EngineService"
59-->src/main/AndroidManifest.xml:49:13-42
60            android:exported="false"
60-->src/main/AndroidManifest.xml:50:13-37
61            android:foregroundServiceType="specialUse" >
61-->src/main/AndroidManifest.xml:51:13-55
62
63            <!-- Required from Android 14 when using the specialUse type. -->
64            <property
64-->src/main/AndroidManifest.xml:53:13-57:78
65                android:name="android.app.PROPERTY_SPECIAL_USE_FGS_SUBTYPE"
65-->src/main/AndroidManifest.xml:54:17-76
66                android:value="Holds a global AudioEffect handle on session 0. The effect is                     destroyed if its owning process exits, so the process must stay                     resident for system-wide processing to remain active." />
66-->src/main/AndroidManifest.xml:55:17-252
67        </service>
68
69        <receiver
69-->src/main/AndroidManifest.xml:60:9-68:20
70            android:name="com.f3.aliothloud.BootReceiver"
70-->src/main/AndroidManifest.xml:61:13-41
71            android:directBootAware="false"
71-->src/main/AndroidManifest.xml:63:13-44
72            android:exported="true" >
72-->src/main/AndroidManifest.xml:62:13-36
73            <intent-filter>
73-->src/main/AndroidManifest.xml:64:13-67:29
74                <action android:name="android.intent.action.BOOT_COMPLETED" />
74-->src/main/AndroidManifest.xml:65:17-79
74-->src/main/AndroidManifest.xml:65:25-76
75                <action android:name="android.intent.action.QUICKBOOT_POWERON" />
75-->src/main/AndroidManifest.xml:66:17-82
75-->src/main/AndroidManifest.xml:66:25-79
76            </intent-filter>
77        </receiver>
78
79        <provider
79-->[androidx.emoji2:emoji2:1.3.0] AndroidManifest.xml:24:9-32:20
80            android:name="androidx.startup.InitializationProvider"
80-->[androidx.emoji2:emoji2:1.3.0] AndroidManifest.xml:25:13-67
81            android:authorities="com.f3.aliothloud.androidx-startup"
81-->[androidx.emoji2:emoji2:1.3.0] AndroidManifest.xml:26:13-68
82            android:exported="false" >
82-->[androidx.emoji2:emoji2:1.3.0] AndroidManifest.xml:27:13-37
83            <meta-data
83-->[androidx.emoji2:emoji2:1.3.0] AndroidManifest.xml:29:13-31:52
84                android:name="androidx.emoji2.text.EmojiCompatInitializer"
84-->[androidx.emoji2:emoji2:1.3.0] AndroidManifest.xml:30:17-75
85                android:value="androidx.startup" />
85-->[androidx.emoji2:emoji2:1.3.0] AndroidManifest.xml:31:17-49
86            <meta-data
86-->[androidx.lifecycle:lifecycle-process:2.6.2] AndroidManifest.xml:29:13-31:52
87                android:name="androidx.lifecycle.ProcessLifecycleInitializer"
87-->[androidx.lifecycle:lifecycle-process:2.6.2] AndroidManifest.xml:30:17-78
88                android:value="androidx.startup" />
88-->[androidx.lifecycle:lifecycle-process:2.6.2] AndroidManifest.xml:31:17-49
89            <meta-data
89-->[androidx.profileinstaller:profileinstaller:1.3.1] AndroidManifest.xml:29:13-31:52
90                android:name="androidx.profileinstaller.ProfileInstallerInitializer"
90-->[androidx.profileinstaller:profileinstaller:1.3.1] AndroidManifest.xml:30:17-85
91                android:value="androidx.startup" />
91-->[androidx.profileinstaller:profileinstaller:1.3.1] AndroidManifest.xml:31:17-49
92        </provider>
93
94        <receiver
94-->[androidx.profileinstaller:profileinstaller:1.3.1] AndroidManifest.xml:34:9-52:20
95            android:name="androidx.profileinstaller.ProfileInstallReceiver"
95-->[androidx.profileinstaller:profileinstaller:1.3.1] AndroidManifest.xml:35:13-76
96            android:directBootAware="false"
96-->[androidx.profileinstaller:profileinstaller:1.3.1] AndroidManifest.xml:36:13-44
97            android:enabled="true"
97-->[androidx.profileinstaller:profileinstaller:1.3.1] AndroidManifest.xml:37:13-35
98            android:exported="true"
98-->[androidx.profileinstaller:profileinstaller:1.3.1] AndroidManifest.xml:38:13-36
99            android:permission="android.permission.DUMP" >
99-->[androidx.profileinstaller:profileinstaller:1.3.1] AndroidManifest.xml:39:13-57
100            <intent-filter>
100-->[androidx.profileinstaller:profileinstaller:1.3.1] AndroidManifest.xml:40:13-42:29
101                <action android:name="androidx.profileinstaller.action.INSTALL_PROFILE" />
101-->[androidx.profileinstaller:profileinstaller:1.3.1] AndroidManifest.xml:41:17-91
101-->[androidx.profileinstaller:profileinstaller:1.3.1] AndroidManifest.xml:41:25-88
102            </intent-filter>
103            <intent-filter>
103-->[androidx.profileinstaller:profileinstaller:1.3.1] AndroidManifest.xml:43:13-45:29
104                <action android:name="androidx.profileinstaller.action.SKIP_FILE" />
104-->[androidx.profileinstaller:profileinstaller:1.3.1] AndroidManifest.xml:44:17-85
104-->[androidx.profileinstaller:profileinstaller:1.3.1] AndroidManifest.xml:44:25-82
105            </intent-filter>
106            <intent-filter>
106-->[androidx.profileinstaller:profileinstaller:1.3.1] AndroidManifest.xml:46:13-48:29
107                <action android:name="androidx.profileinstaller.action.SAVE_PROFILE" />
107-->[androidx.profileinstaller:profileinstaller:1.3.1] AndroidManifest.xml:47:17-88
107-->[androidx.profileinstaller:profileinstaller:1.3.1] AndroidManifest.xml:47:25-85
108            </intent-filter>
109            <intent-filter>
109-->[androidx.profileinstaller:profileinstaller:1.3.1] AndroidManifest.xml:49:13-51:29
110                <action android:name="androidx.profileinstaller.action.BENCHMARK_OPERATION" />
110-->[androidx.profileinstaller:profileinstaller:1.3.1] AndroidManifest.xml:50:17-95
110-->[androidx.profileinstaller:profileinstaller:1.3.1] AndroidManifest.xml:50:25-92
111            </intent-filter>
112        </receiver>
113    </application>
114
115</manifest>